Using pre-set license
Built from '2020.3/staging' branch; Version is '2020.3.9f1 (108be757e447) revision 1084391'; Using compiler version '192528614'; Build Type 'Release'
OS: 'Windows 10 Home; OS build 19043.1348; Version 2009; 64bit' Language: 'en' Physical Memory: 8103 MB
BatchMode: 1, IsHumanControllingUs: 0, StartBugReporterOnCrash: 0, Is64bit: 1, IsPro: 0

 COMMAND LINE ARGUMENTS:
C:\Program Files\Unity\Hub\Editor\2020.3.9f1\Editor\Unity.exe
-adb2
-batchMode
-noUpm
-name
AssetImportWorker0
-projectPath
C:/Users/winst/GIT/Learning_Unity/UnnamedWinstonProject
-logFile
Logs/AssetImportWorker0.log
-srvPort
57091
Successfully changed project path to: C:/Users/winst/GIT/Learning_Unity/UnnamedWinstonProject
C:/Users/winst/GIT/Learning_Unity/UnnamedWinstonProject
Using Asset Import Pipeline V2.
Refreshing native plugins compatible for Editor in 40.00 ms, found 0 plugins.
Preloading 0 native plugins for Editor in 0.00 ms.
Initialize engine version: 2020.3.9f1 (108be757e447)
[Subsystems] Discovering subsystems at path C:/Program Files/Unity/Hub/Editor/2020.3.9f1/Editor/Data/Resources/UnitySubsystems
[Subsystems] Discovering subsystems at path C:/Users/winst/GIT/Learning_Unity/UnnamedWinstonProject/Assets
GfxDevice: creating device client; threaded=0
Direct3D:
    Version:  Direct3D 11.0 [level 11.1]
    Renderer: Intel(R) HD Graphics 5500 (ID=0x1616)
    Vendor:   
    VRAM:     4051 MB
    Driver:   20.19.15.5126
Initialize mono
Mono path[0] = 'C:/Program Files/Unity/Hub/Editor/2020.3.9f1/Editor/Data/Managed'
Mono path[1] = 'C:/Program Files/Unity/Hub/Editor/2020.3.9f1/Editor/Data/MonoBleedingEdge/lib/mono/unityjit'
Mono config path = 'C:/Program Files/Unity/Hub/Editor/2020.3.9f1/Editor/Data/MonoBleedingEdge/etc'
Using monoOptions --debugger-agent=transport=dt_socket,embedding=1,server=y,suspend=n,address=127.0.0.1:56184
Begin MonoManager ReloadAssembly
Registering precompiled unity dll's ...
Register platform support module: C:/Program Files/Unity/Hub/Editor/2020.3.9f1/Editor/Data/PlaybackEngines/WebGLSupport/UnityEditor.WebGL.Extensions.dll
Register platform support module: C:/Program Files/Unity/Hub/Editor/2020.3.9f1/Editor/Data/PlaybackEngines/WindowsStandaloneSupport/UnityEditor.WindowsStandalone.Extensions.dll
Registered in 0.006975 seconds.
Native extension for WindowsStandalone target not found
Native extension for WebGL target not found
Refreshing native plugins compatible for Editor in 32.94 ms, found 0 plugins.
Preloading 0 native plugins for Editor in 0.00 ms.
Mono: successfully reloaded assembly
- Completed reload, in  3.690 seconds
Platform modules already initialized, skipping
Registering precompiled user dll's ...
Registered in 0.002786 seconds.
Begin MonoManager ReloadAssembly
Native extension for WindowsStandalone target not found
Native extension for WebGL target not found
Refreshing native plugins compatible for Editor in 0.25 ms, found 0 plugins.
Preloading 0 native plugins for Editor in 0.00 ms.
Mono: successfully reloaded assembly
- Completed reload, in  1.393 seconds
Platform modules already initialized, skipping
========================================================================
Worker process is ready to serve import requests
Launched and connected shader compiler UnityShaderCompiler.exe after 0.08 seconds
Refreshing native plugins compatible for Editor in 0.41 ms, found 0 plugins.
Preloading 0 native plugins for Editor in 0.00 ms.
Unloading 1115 Unused Serialized files (Serialized files now loaded: 0)
System memory in use before: 57.2 MB.
System memory in use after: 57.2 MB.

Unloading 10 unused Assets to reduce memory usage. Loaded Objects now: 1557.
Total: 3.328100 ms (FindLiveObjects: 0.246500 ms CreateObjectMapping: 0.091200 ms MarkObjects: 2.841000 ms  DeleteObjects: 0.146700 ms)

========================================================================
Received Import Request.
  path: Assets
  artifactKey: Guid(00000000000000001000000000000000) Importer(815301076,1909f56bfc062723c751e8b465ee728b)
Start importing Assets using Guid(00000000000000001000000000000000) Importer(815301076,1909f56bfc062723c751e8b465ee728b)  -> (artifact id: '42d402b061de3733987d63b9cc3b64de') in 0.018994 seconds
  Import took 0.022929 seconds .

========================================================================
Received Import Request.
  Time since last request: 0.000406 seconds.
  path: Assets/Scenes
  artifactKey: Guid(16b65569e031b2949910223ff8140dee) Importer(815301076,1909f56bfc062723c751e8b465ee728b)
Start importing Assets/Scenes using Guid(16b65569e031b2949910223ff8140dee) Importer(815301076,1909f56bfc062723c751e8b465ee728b)  -> (artifact id: 'dbc0485e025e322d939fc061c2ee4415') in 0.041152 seconds
  Import took 0.047205 seconds .

========================================================================
Received Import Request.
  Time since last request: 35.979513 seconds.
  path: Assets/Scenes/Scene1
  artifactKey: Guid(61ce5fcedaefcdc4bba652dab884ba28) Importer(815301076,1909f56bfc062723c751e8b465ee728b)
Start importing Assets/Scenes/Scene1 using Guid(61ce5fcedaefcdc4bba652dab884ba28) Importer(815301076,1909f56bfc062723c751e8b465ee728b)  -> (artifact id: '5bd80ed891c9d937f2f86fb1916d71f9') in 0.047178 seconds
  Import took 0.050356 seconds .

========================================================================
Received Import Request.
  Time since last request: 20.817490 seconds.
  path: Assets/Scenes/Scene1/materials
  artifactKey: Guid(ef2b9c092b78a414eb587c08a57725bd) Importer(815301076,1909f56bfc062723c751e8b465ee728b)
Start importing Assets/Scenes/Scene1/materials using Guid(ef2b9c092b78a414eb587c08a57725bd) Importer(815301076,1909f56bfc062723c751e8b465ee728b)  -> (artifact id: '7ce68cf734e3c8975fd1b4caa4686f85') in 0.048986 seconds
  Import took 0.053074 seconds .

========================================================================
Received Import Request.
  Time since last request: 23.676861 seconds.
  path: Assets/Scenes/Scene1/materials/New Material.mat
  artifactKey: Guid(03b04a081961ce54b9bd3ab751b83505) Importer(815301076,1909f56bfc062723c751e8b465ee728b)
Start importing Assets/Scenes/Scene1/materials/New Material.mat using Guid(03b04a081961ce54b9bd3ab751b83505) Importer(815301076,1909f56bfc062723c751e8b465ee728b)  -> (artifact id: 'cc82541c572c07397f01f3d9c93d9038') in 0.249553 seconds
  Import took 0.254109 seconds .

========================================================================
Received Import Request.
  Time since last request: 39.140443 seconds.
  path: Assets/Scenes/Scene1/materials/BrownFloor.mat
  artifactKey: Guid(03b04a081961ce54b9bd3ab751b83505) Importer(815301076,1909f56bfc062723c751e8b465ee728b)
Start importing Assets/Scenes/Scene1/materials/BrownFloor.mat using Guid(03b04a081961ce54b9bd3ab751b83505) Importer(815301076,1909f56bfc062723c751e8b465ee728b)  -> (artifact id: '944f3fc631fe8aea4a43f144fcded618') in 0.065361 seconds
  Import took 0.072830 seconds .

========================================================================
Received Import Request.
  Time since last request: 89.671322 seconds.
  path: Assets/Scenes/Scene1/materials/playerColor.mat
  artifactKey: Guid(cd7fe50fdf1e2b44abdb26a08a78f393) Importer(815301076,1909f56bfc062723c751e8b465ee728b)
Start importing Assets/Scenes/Scene1/materials/playerColor.mat using Guid(cd7fe50fdf1e2b44abdb26a08a78f393) Importer(815301076,1909f56bfc062723c751e8b465ee728b)  -> (artifact id: '9477446b2d9a8b24b3334ef9ce84d375') in 0.101050 seconds
  Import took 0.112761 seconds .

========================================================================
Received Import Request.
  Time since last request: 362.368438 seconds.
  path: Assets/Scenes/Scene1/New Folder
  artifactKey: Guid(52757d4bcb739364c8fa1ea980a5aaeb) Importer(815301076,1909f56bfc062723c751e8b465ee728b)
Start importing Assets/Scenes/Scene1/New Folder using Guid(52757d4bcb739364c8fa1ea980a5aaeb) Importer(815301076,1909f56bfc062723c751e8b465ee728b)  -> (artifact id: '617227008cb2f9fbbea60a6bbc6a72ca') in 0.056543 seconds
  Import took 0.060203 seconds .

========================================================================
Received Import Request.
  Time since last request: 48.800643 seconds.
  path: Assets/Scenes/Scene1/Zombies
  artifactKey: Guid(52757d4bcb739364c8fa1ea980a5aaeb) Importer(815301076,1909f56bfc062723c751e8b465ee728b)
Start importing Assets/Scenes/Scene1/Zombies using Guid(52757d4bcb739364c8fa1ea980a5aaeb) Importer(815301076,1909f56bfc062723c751e8b465ee728b)  -> (artifact id: '26123aa49b0b6364ce411eb0737b6d73') in 0.058067 seconds
  Import took 0.061739 seconds .

========================================================================
Received Import Request.
  Time since last request: 8.963666 seconds.
  path: Assets/Scenes/Scene1/Zombies/Zombie.prefab
  artifactKey: Guid(afbf2ff27c2c74643aba8d43bcd59c91) Importer(815301076,1909f56bfc062723c751e8b465ee728b)
Start importing Assets/Scenes/Scene1/Zombies/Zombie.prefab using Guid(afbf2ff27c2c74643aba8d43bcd59c91) Importer(815301076,1909f56bfc062723c751e8b465ee728b)  -> (artifact id: 'b1931e06f8b8720faa1d89b950789142') in 0.124433 seconds
  Import took 0.129891 seconds .

========================================================================
Received Import Request.
  Time since last request: 90.870228 seconds.
  path: Assets/Scenes/Scene1/Scripts
  artifactKey: Guid(2b93924d037adcb49bccae7e2d6507e9) Importer(815301076,1909f56bfc062723c751e8b465ee728b)
Start importing Assets/Scenes/Scene1/Scripts using Guid(2b93924d037adcb49bccae7e2d6507e9) Importer(815301076,1909f56bfc062723c751e8b465ee728b)  -> (artifact id: '2e8d430140c30241bbb952367f542997') in 0.069432 seconds
  Import took 0.073870 seconds .

========================================================================
Received Import Request.
  Time since last request: 15.016585 seconds.
  path: Assets/Scenes/Scene1/Scripts/Movement.cs
  artifactKey: Guid(0922d4fa9a67702419fe2a05e067847e) Importer(815301076,1909f56bfc062723c751e8b465ee728b)
Start importing Assets/Scenes/Scene1/Scripts/Movement.cs using Guid(0922d4fa9a67702419fe2a05e067847e) Importer(815301076,1909f56bfc062723c751e8b465ee728b)  -> (artifact id: '9a1ce8615d68e948dac43dd13e657ded') in 0.109974 seconds
  Import took 0.118538 seconds .

========================================================================
Received Import Request.
  Time since last request: 582.510953 seconds.
  path: Assets/Scenes/Scene1/Scripts/Movement.cs
  artifactKey: Guid(0922d4fa9a67702419fe2a05e067847e) Importer(815301076,1909f56bfc062723c751e8b465ee728b)
Start importing Assets/Scenes/Scene1/Scripts/Movement.cs using Guid(0922d4fa9a67702419fe2a05e067847e) Importer(815301076,1909f56bfc062723c751e8b465ee728b)  -> (artifact id: '9f1083c3d108dc6bb29262ce6a706e0e') in 0.027510 seconds
  Import took 0.034549 seconds .

========================================================================
Received Import Request.
  Time since last request: 0.016237 seconds.
  path: Assets/Scenes/Scene1/Scripts/Movement.cs
  artifactKey: Guid(0922d4fa9a67702419fe2a05e067847e) Importer(815301076,1909f56bfc062723c751e8b465ee728b)
Start importing Assets/Scenes/Scene1/Scripts/Movement.cs using Guid(0922d4fa9a67702419fe2a05e067847e) Importer(815301076,1909f56bfc062723c751e8b465ee728b)  -> (artifact id: '9f1083c3d108dc6bb29262ce6a706e0e') in 0.025168 seconds
  Import took 0.030525 seconds .

========================================================================
Received Prepare
Registering precompiled user dll's ...
Registered in 0.001043 seconds.
Begin MonoManager ReloadAssembly
Native extension for WindowsStandalone target not found
Native extension for WebGL target not found
Refreshing native plugins compatible for Editor in 0.27 ms, found 0 plugins.
Preloading 0 native plugins for Editor in 0.00 ms.
Mono: successfully reloaded assembly
- Completed reload, in  1.490 seconds
Platform modules already initialized, skipping
Refreshing native plugins compatible for Editor in 0.50 ms, found 0 plugins.
Preloading 0 native plugins for Editor in 0.00 ms.
Unloading 1111 Unused Serialized files (Serialized files now loaded: 0)
System memory in use before: 60.5 MB.
System memory in use after: 60.6 MB.

Unloading 6 unused Assets to reduce memory usage. Loaded Objects now: 1602.
Total: 2.957000 ms (FindLiveObjects: 0.249700 ms CreateObjectMapping: 0.073900 ms MarkObjects: 2.539000 ms  DeleteObjects: 0.092200 ms)

========================================================================
Received Prepare
Registering precompiled user dll's ...
Registered in 0.001308 seconds.
Begin MonoManager ReloadAssembly
Native extension for WindowsStandalone target not found
Native extension for WebGL target not found
Refreshing native plugins compatible for Editor in 0.29 ms, found 0 plugins.
Preloading 0 native plugins for Editor in 0.00 ms.
Mono: successfully reloaded assembly
- Completed reload, in  1.639 seconds
Platform modules already initialized, skipping
Refreshing native plugins compatible for Editor in 0.55 ms, found 0 plugins.
Preloading 0 native plugins for Editor in 0.00 ms.
Unloading 1111 Unused Serialized files (Serialized files now loaded: 0)
System memory in use before: 60.5 MB.
System memory in use after: 60.6 MB.

Unloading 5 unused Assets to reduce memory usage. Loaded Objects now: 1605.
Total: 3.455500 ms (FindLiveObjects: 0.323500 ms CreateObjectMapping: 0.132000 ms MarkObjects: 2.903600 ms  DeleteObjects: 0.093800 ms)

========================================================================
Received Import Request.
  Time since last request: 84.061717 seconds.
  path: Assets/Scenes/Scene1/Scripts/Movement.cs
  artifactKey: Guid(0922d4fa9a67702419fe2a05e067847e) Importer(815301076,1909f56bfc062723c751e8b465ee728b)
Start importing Assets/Scenes/Scene1/Scripts/Movement.cs using Guid(0922d4fa9a67702419fe2a05e067847e) Importer(815301076,1909f56bfc062723c751e8b465ee728b)  -> (artifact id: 'cad3ea1e31fb739f0c5e0588b77485fd') in 0.026969 seconds
  Import took 0.030604 seconds .

========================================================================
Received Import Request.
  Time since last request: 2.837810 seconds.
  path: Assets/Scenes/Scene1/Scripts/Movement.cs
  artifactKey: Guid(0922d4fa9a67702419fe2a05e067847e) Importer(815301076,1909f56bfc062723c751e8b465ee728b)
Start importing Assets/Scenes/Scene1/Scripts/Movement.cs using Guid(0922d4fa9a67702419fe2a05e067847e) Importer(815301076,1909f56bfc062723c751e8b465ee728b)  -> (artifact id: 'cad3ea1e31fb739f0c5e0588b77485fd') in 0.019019 seconds
  Import took 0.022711 seconds .

========================================================================
Received Prepare
Registering precompiled user dll's ...
Registered in 0.023904 seconds.
Begin MonoManager ReloadAssembly
Native extension for WindowsStandalone target not found
Native extension for WebGL target not found
Refreshing native plugins compatible for Editor in 0.44 ms, found 0 plugins.
Preloading 0 native plugins for Editor in 0.00 ms.
Mono: successfully reloaded assembly
- Completed reload, in 10.208 seconds
Platform modules already initialized, skipping
Refreshing native plugins compatible for Editor in 1.13 ms, found 0 plugins.
Preloading 0 native plugins for Editor in 0.00 ms.
Unloading 1111 Unused Serialized files (Serialized files now loaded: 0)
System memory in use before: 60.5 MB.
System memory in use after: 60.6 MB.

Unloading 5 unused Assets to reduce memory usage. Loaded Objects now: 1608.
Total: 27.332500 ms (FindLiveObjects: 2.657900 ms CreateObjectMapping: 0.819300 ms MarkObjects: 23.333700 ms  DeleteObjects: 0.515600 ms)

========================================================================
Received Prepare
Registering precompiled user dll's ...
Registered in 0.001482 seconds.
Begin MonoManager ReloadAssembly
Native extension for WindowsStandalone target not found
Native extension for WebGL target not found
Refreshing native plugins compatible for Editor in 0.30 ms, found 0 plugins.
Preloading 0 native plugins for Editor in 0.00 ms.
Mono: successfully reloaded assembly
- Completed reload, in  5.489 seconds
Platform modules already initialized, skipping
Refreshing native plugins compatible for Editor in 2.10 ms, found 0 plugins.
Preloading 0 native plugins for Editor in 0.00 ms.
Unloading 1111 Unused Serialized files (Serialized files now loaded: 0)
System memory in use before: 60.5 MB.
System memory in use after: 60.6 MB.

Unloading 5 unused Assets to reduce memory usage. Loaded Objects now: 1611.
Total: 8.738100 ms (FindLiveObjects: 1.360100 ms CreateObjectMapping: 2.056000 ms MarkObjects: 5.141200 ms  DeleteObjects: 0.176900 ms)

========================================================================
Received Import Request.
  Time since last request: 3295.688377 seconds.
  path: Assets/Scenes/Scene1/Scripts/Movement.cs
  artifactKey: Guid(0922d4fa9a67702419fe2a05e067847e) Importer(815301076,1909f56bfc062723c751e8b465ee728b)
Start importing Assets/Scenes/Scene1/Scripts/Movement.cs using Guid(0922d4fa9a67702419fe2a05e067847e) Importer(815301076,1909f56bfc062723c751e8b465ee728b)  -> (artifact id: 'f4119eae3cb033e64bcf398fd1d2c4ef') in 0.093634 seconds
  Import took 0.120547 seconds .

========================================================================
Received Prepare
Registering precompiled user dll's ...
Registered in 0.001313 seconds.
Begin MonoManager ReloadAssembly
Native extension for WindowsStandalone target not found
Native extension for WebGL target not found
Refreshing native plugins compatible for Editor in 0.25 ms, found 0 plugins.
Preloading 0 native plugins for Editor in 0.00 ms.
Mono: successfully reloaded assembly
- Completed reload, in  1.188 seconds
Platform modules already initialized, skipping
Refreshing native plugins compatible for Editor in 0.42 ms, found 0 plugins.
Preloading 0 native plugins for Editor in 0.00 ms.
Unloading 1111 Unused Serialized files (Serialized files now loaded: 0)
System memory in use before: 60.5 MB.
System memory in use after: 60.6 MB.

Unloading 5 unused Assets to reduce memory usage. Loaded Objects now: 1614.
Total: 2.610900 ms (FindLiveObjects: 0.178500 ms CreateObjectMapping: 0.075600 ms MarkObjects: 2.274600 ms  DeleteObjects: 0.080900 ms)

========================================================================
Received Import Request.
  Time since last request: 448.667609 seconds.
  path: Assets/Scenes/Scene1/generalBullets
  artifactKey: Guid(b0332d97b090a2d45985fd141685490b) Importer(815301076,1909f56bfc062723c751e8b465ee728b)
Start importing Assets/Scenes/Scene1/generalBullets using Guid(b0332d97b090a2d45985fd141685490b) Importer(815301076,1909f56bfc062723c751e8b465ee728b)  -> (artifact id: '2232ea94a921dfa015f00fc40c2f2940') in 0.026573 seconds
  Import took 0.029592 seconds .

========================================================================
Received Import Request.
  Time since last request: 21.524651 seconds.
  path: Assets/Scenes/Scene1/prefabs
  artifactKey: Guid(f0596d4643576904cac0ede8db33e250) Importer(815301076,1909f56bfc062723c751e8b465ee728b)
Start importing Assets/Scenes/Scene1/prefabs using Guid(f0596d4643576904cac0ede8db33e250) Importer(815301076,1909f56bfc062723c751e8b465ee728b)  -> (artifact id: 'b7b986be47b7939ddefe740d5baba1f0') in 0.053638 seconds
  Import took 0.057161 seconds .

========================================================================
Received Prepare
Registering precompiled user dll's ...
Registered in 0.001713 seconds.
Begin MonoManager ReloadAssembly
Native extension for WindowsStandalone target not found
Native extension for WebGL target not found
Refreshing native plugins compatible for Editor in 0.42 ms, found 0 plugins.
Preloading 0 native plugins for Editor in 0.00 ms.
Mono: successfully reloaded assembly
- Completed reload, in  3.454 seconds
Platform modules already initialized, skipping
Refreshing native plugins compatible for Editor in 0.41 ms, found 0 plugins.
Preloading 0 native plugins for Editor in 0.00 ms.
Unloading 1112 Unused Serialized files (Serialized files now loaded: 0)
System memory in use before: 60.6 MB.
System memory in use after: 60.7 MB.

Unloading 5 unused Assets to reduce memory usage. Loaded Objects now: 1618.
Total: 2.557200 ms (FindLiveObjects: 0.205900 ms CreateObjectMapping: 0.082600 ms MarkObjects: 2.188500 ms  DeleteObjects: 0.078900 ms)

========================================================================
Received Import Request.
  Time since last request: 430.734864 seconds.
  path: Assets/Scenes/Scene1/Scripts/Fireweapon.cs
  artifactKey: Guid(d88825b73ced9f6418bec9b17f7f1b1a) Importer(815301076,1909f56bfc062723c751e8b465ee728b)
Start importing Assets/Scenes/Scene1/Scripts/Fireweapon.cs using Guid(d88825b73ced9f6418bec9b17f7f1b1a) Importer(815301076,1909f56bfc062723c751e8b465ee728b)  -> (artifact id: 'a073bf35a3eadaa84c1ac90439bf654e') in 0.027549 seconds
  Import took 0.031000 seconds .

========================================================================
Received Prepare
Registering precompiled user dll's ...
Registered in 0.000966 seconds.
Begin MonoManager ReloadAssembly
Native extension for WindowsStandalone target not found
Native extension for WebGL target not found
Refreshing native plugins compatible for Editor in 0.98 ms, found 0 plugins.
Preloading 0 native plugins for Editor in 0.00 ms.
Mono: successfully reloaded assembly
- Completed reload, in  1.897 seconds
Platform modules already initialized, skipping
Refreshing native plugins compatible for Editor in 0.40 ms, found 0 plugins.
Preloading 0 native plugins for Editor in 0.00 ms.
Unloading 1112 Unused Serialized files (Serialized files now loaded: 0)
System memory in use before: 60.6 MB.
System memory in use after: 60.7 MB.

Unloading 5 unused Assets to reduce memory usage. Loaded Objects now: 1621.
Total: 3.444200 ms (FindLiveObjects: 0.296600 ms CreateObjectMapping: 0.119000 ms MarkObjects: 2.957200 ms  DeleteObjects: 0.069100 ms)

========================================================================
Received Import Request.
  Time since last request: 180.532222 seconds.
  path: Assets/Scenes/Scene1/prefabs/generalBullets/Bullet.prefab
  artifactKey: Guid(90fdb0acc82d3ea4fb9f3991c15ca51e) Importer(815301076,1909f56bfc062723c751e8b465ee728b)
Start importing Assets/Scenes/Scene1/prefabs/generalBullets/Bullet.prefab using Guid(90fdb0acc82d3ea4fb9f3991c15ca51e) Importer(815301076,1909f56bfc062723c751e8b465ee728b)  -> (artifact id: '7e741c07ec2ebef80e13fd0a0fdddca6') in 0.211777 seconds
  Import took 0.218855 seconds .

========================================================================
Received Prepare
Registering precompiled user dll's ...
Registered in 0.001258 seconds.
Begin MonoManager ReloadAssembly
Native extension for WindowsStandalone target not found
Native extension for WebGL target not found
Refreshing native plugins compatible for Editor in 0.43 ms, found 0 plugins.
Preloading 0 native plugins for Editor in 0.00 ms.
Mono: successfully reloaded assembly
- Completed reload, in  1.737 seconds
Platform modules already initialized, skipping
Refreshing native plugins compatible for Editor in 0.41 ms, found 0 plugins.
Preloading 0 native plugins for Editor in 0.00 ms.
Unloading 1112 Unused Serialized files (Serialized files now loaded: 0)
System memory in use before: 60.7 MB.
System memory in use after: 60.7 MB.

Unloading 6 unused Assets to reduce memory usage. Loaded Objects now: 1626.
Total: 2.601100 ms (FindLiveObjects: 0.197000 ms CreateObjectMapping: 0.074600 ms MarkObjects: 2.241900 ms  DeleteObjects: 0.086000 ms)

========================================================================
Received Import Request.
  Time since last request: 18032.451731 seconds.
  path: Assets/Scenes/Scene1/Scripts/Fireweapon.cs
  artifactKey: Guid(d88825b73ced9f6418bec9b17f7f1b1a) Importer(815301076,1909f56bfc062723c751e8b465ee728b)
Start importing Assets/Scenes/Scene1/Scripts/Fireweapon.cs using Guid(d88825b73ced9f6418bec9b17f7f1b1a) Importer(815301076,1909f56bfc062723c751e8b465ee728b)  -> (artifact id: 'e4fd72dc65580710680c54df84b3e51d') in 0.023520 seconds
  Import took 0.027017 seconds .

========================================================================
Received Prepare
Registering precompiled user dll's ...
Registered in 0.001004 seconds.
Begin MonoManager ReloadAssembly
Native extension for WindowsStandalone target not found
Native extension for WebGL target not found
Refreshing native plugins compatible for Editor in 1.35 ms, found 0 plugins.
Preloading 0 native plugins for Editor in 0.00 ms.
Mono: successfully reloaded assembly
- Completed reload, in  1.490 seconds
Platform modules already initialized, skipping
Refreshing native plugins compatible for Editor in 0.42 ms, found 0 plugins.
Preloading 0 native plugins for Editor in 0.00 ms.
Unloading 1112 Unused Serialized files (Serialized files now loaded: 0)
System memory in use before: 60.7 MB.
System memory in use after: 60.7 MB.

Unloading 5 unused Assets to reduce memory usage. Loaded Objects now: 1629.
Total: 2.540200 ms (FindLiveObjects: 0.185300 ms CreateObjectMapping: 0.073200 ms MarkObjects: 2.186600 ms  DeleteObjects: 0.093400 ms)

========================================================================
Received Prepare
Registering precompiled user dll's ...
Registered in 0.001186 seconds.
Begin MonoManager ReloadAssembly
Native extension for WindowsStandalone target not found
Native extension for WebGL target not found
Refreshing native plugins compatible for Editor in 0.40 ms, found 0 plugins.
Preloading 0 native plugins for Editor in 0.00 ms.
Mono: successfully reloaded assembly
- Completed reload, in  4.456 seconds
Platform modules already initialized, skipping
Refreshing native plugins compatible for Editor in 0.26 ms, found 0 plugins.
Preloading 0 native plugins for Editor in 0.00 ms.
Unloading 1112 Unused Serialized files (Serialized files now loaded: 0)
System memory in use before: 60.7 MB.
System memory in use after: 60.7 MB.

Unloading 5 unused Assets to reduce memory usage. Loaded Objects now: 1632.
Total: 2.236900 ms (FindLiveObjects: 0.189900 ms CreateObjectMapping: 0.072600 ms MarkObjects: 1.888900 ms  DeleteObjects: 0.083800 ms)

========================================================================
Received Prepare
Registering precompiled user dll's ...
Registered in 0.002017 seconds.
Begin MonoManager ReloadAssembly
Native extension for WindowsStandalone target not found
Native extension for WebGL target not found
Refreshing native plugins compatible for Editor in 0.26 ms, found 0 plugins.
Preloading 0 native plugins for Editor in 0.00 ms.
Mono: successfully reloaded assembly
- Completed reload, in  1.348 seconds
Platform modules already initialized, skipping
Refreshing native plugins compatible for Editor in 0.42 ms, found 0 plugins.
Preloading 0 native plugins for Editor in 0.00 ms.
Unloading 1112 Unused Serialized files (Serialized files now loaded: 0)
System memory in use before: 60.7 MB.
System memory in use after: 60.8 MB.

Unloading 5 unused Assets to reduce memory usage. Loaded Objects now: 1635.
Total: 2.491000 ms (FindLiveObjects: 0.224000 ms CreateObjectMapping: 0.103100 ms MarkObjects: 2.079700 ms  DeleteObjects: 0.082600 ms)

========================================================================
Received Import Request.
  Time since last request: 627.347579 seconds.
  path: Assets/Scenes/Scene1/Scripts/ForwardMovement.cs
  artifactKey: Guid(ca70a054d88ed304fbb7eabd9f707914) Importer(815301076,1909f56bfc062723c751e8b465ee728b)
Start importing Assets/Scenes/Scene1/Scripts/ForwardMovement.cs using Guid(ca70a054d88ed304fbb7eabd9f707914) Importer(815301076,1909f56bfc062723c751e8b465ee728b)  -> (artifact id: 'bd554fe20a551dee6b1d67576e8f3d32') in 0.110354 seconds
  Import took 0.119534 seconds .

========================================================================
Received Prepare
Registering precompiled user dll's ...
Registered in 0.000954 seconds.
Begin MonoManager ReloadAssembly
Native extension for WindowsStandalone target not found
Native extension for WebGL target not found
Refreshing native plugins compatible for Editor in 0.25 ms, found 0 plugins.
Preloading 0 native plugins for Editor in 0.00 ms.
Mono: successfully reloaded assembly
- Completed reload, in  1.619 seconds
Platform modules already initialized, skipping
Refreshing native plugins compatible for Editor in 0.44 ms, found 0 plugins.
Preloading 0 native plugins for Editor in 0.00 ms.
Unloading 1113 Unused Serialized files (Serialized files now loaded: 0)
System memory in use before: 60.7 MB.
System memory in use after: 60.8 MB.

Unloading 5 unused Assets to reduce memory usage. Loaded Objects now: 1639.
Total: 3.454400 ms (FindLiveObjects: 0.184700 ms CreateObjectMapping: 0.077500 ms MarkObjects: 3.106800 ms  DeleteObjects: 0.083200 ms)

========================================================================
Received Prepare
Registering precompiled user dll's ...
Registered in 0.001027 seconds.
Begin MonoManager ReloadAssembly
Native extension for WindowsStandalone target not found
Native extension for WebGL target not found
Refreshing native plugins compatible for Editor in 0.25 ms, found 0 plugins.
Preloading 0 native plugins for Editor in 0.00 ms.
Mono: successfully reloaded assembly
- Completed reload, in  1.185 seconds
Platform modules already initialized, skipping
Refreshing native plugins compatible for Editor in 0.46 ms, found 0 plugins.
Preloading 0 native plugins for Editor in 0.00 ms.
Unloading 1113 Unused Serialized files (Serialized files now loaded: 0)
System memory in use before: 60.7 MB.
System memory in use after: 60.8 MB.

Unloading 5 unused Assets to reduce memory usage. Loaded Objects now: 1642.
Total: 3.148600 ms (FindLiveObjects: 0.192300 ms CreateObjectMapping: 0.073500 ms MarkObjects: 2.793100 ms  DeleteObjects: 0.087900 ms)

========================================================================
Received Prepare
Registering precompiled user dll's ...
Registered in 0.006410 seconds.
Begin MonoManager ReloadAssembly
Native extension for WindowsStandalone target not found
Native extension for WebGL target not found
Refreshing native plugins compatible for Editor in 0.26 ms, found 0 plugins.
Preloading 0 native plugins for Editor in 0.00 ms.
Mono: successfully reloaded assembly
- Completed reload, in  1.466 seconds
Platform modules already initialized, skipping
Refreshing native plugins compatible for Editor in 0.43 ms, found 0 plugins.
Preloading 0 native plugins for Editor in 0.00 ms.
Unloading 1113 Unused Serialized files (Serialized files now loaded: 0)
System memory in use before: 60.7 MB.
System memory in use after: 60.8 MB.

Unloading 5 unused Assets to reduce memory usage. Loaded Objects now: 1645.
Total: 2.294800 ms (FindLiveObjects: 0.201600 ms CreateObjectMapping: 0.076500 ms MarkObjects: 1.941000 ms  DeleteObjects: 0.073900 ms)

========================================================================
Received Import Request.
  Time since last request: 468.134397 seconds.
  path: Assets/Scenes/Scene1/Scripts/Fireweapon.cs
  artifactKey: Guid(d88825b73ced9f6418bec9b17f7f1b1a) Importer(815301076,1909f56bfc062723c751e8b465ee728b)
Start importing Assets/Scenes/Scene1/Scripts/Fireweapon.cs using Guid(d88825b73ced9f6418bec9b17f7f1b1a) Importer(815301076,1909f56bfc062723c751e8b465ee728b)  -> (artifact id: '1b77377ecbc00fb505d3b94e11ee62ba') in 0.018903 seconds
  Import took 0.022336 seconds .

========================================================================
Received Prepare
Registering precompiled user dll's ...
Registered in 0.021237 seconds.
Begin MonoManager ReloadAssembly
Native extension for WindowsStandalone target not found
Native extension for WebGL target not found
Refreshing native plugins compatible for Editor in 0.28 ms, found 0 plugins.
Preloading 0 native plugins for Editor in 0.00 ms.
Mono: successfully reloaded assembly
- Completed reload, in  1.477 seconds
Platform modules already initialized, skipping
Refreshing native plugins compatible for Editor in 0.45 ms, found 0 plugins.
Preloading 0 native plugins for Editor in 0.00 ms.
Unloading 1113 Unused Serialized files (Serialized files now loaded: 0)
System memory in use before: 60.7 MB.
System memory in use after: 60.8 MB.

Unloading 5 unused Assets to reduce memory usage. Loaded Objects now: 1648.
Total: 2.816000 ms (FindLiveObjects: 0.368600 ms CreateObjectMapping: 0.138700 ms MarkObjects: 2.216800 ms  DeleteObjects: 0.089300 ms)

========================================================================
Received Import Request.
  Time since last request: 474.049694 seconds.
  path: Assets/Scenes/Scene1/Scripts/Movement.cs
  artifactKey: Guid(0922d4fa9a67702419fe2a05e067847e) Importer(815301076,1909f56bfc062723c751e8b465ee728b)
Start importing Assets/Scenes/Scene1/Scripts/Movement.cs using Guid(0922d4fa9a67702419fe2a05e067847e) Importer(815301076,1909f56bfc062723c751e8b465ee728b)  -> (artifact id: '5f95d3f5ed734fad93c12acc9ee46c43') in 0.025201 seconds
  Import took 0.030180 seconds .

========================================================================
Received Prepare
Registering precompiled user dll's ...
Registered in 0.004834 seconds.
Begin MonoManager ReloadAssembly
Native extension for WindowsStandalone target not found
Native extension for WebGL target not found
Refreshing native plugins compatible for Editor in 0.29 ms, found 0 plugins.
Preloading 0 native plugins for Editor in 0.00 ms.
Mono: successfully reloaded assembly
- Completed reload, in  2.539 seconds
Platform modules already initialized, skipping
Refreshing native plugins compatible for Editor in 0.44 ms, found 0 plugins.
Preloading 0 native plugins for Editor in 0.00 ms.
Unloading 1114 Unused Serialized files (Serialized files now loaded: 0)
System memory in use before: 60.7 MB.
System memory in use after: 60.8 MB.

Unloading 5 unused Assets to reduce memory usage. Loaded Objects now: 1652.
Total: 2.928000 ms (FindLiveObjects: 0.316800 ms CreateObjectMapping: 0.105100 ms MarkObjects: 2.399400 ms  DeleteObjects: 0.102600 ms)

========================================================================
Received Import Request.
  Time since last request: 47.685721 seconds.
  path: Assets/Scenes/Scene1/Scripts/MoveForward.cs
  artifactKey: Guid(0a58226d41386fa49bed5b571da73d7b) Importer(815301076,1909f56bfc062723c751e8b465ee728b)
Start importing Assets/Scenes/Scene1/Scripts/MoveForward.cs using Guid(0a58226d41386fa49bed5b571da73d7b) Importer(815301076,1909f56bfc062723c751e8b465ee728b)  -> (artifact id: '6c2253019f7a1433e2e184d5d520a14c') in 0.124298 seconds
  Import took 0.128653 seconds .

========================================================================
Received Prepare
Registering precompiled user dll's ...
Registered in 0.001015 seconds.
Begin MonoManager ReloadAssembly
Native extension for WindowsStandalone target not found
Native extension for WebGL target not found
Refreshing native plugins compatible for Editor in 0.25 ms, found 0 plugins.
Preloading 0 native plugins for Editor in 0.00 ms.
Mono: successfully reloaded assembly
- Completed reload, in  1.648 seconds
Platform modules already initialized, skipping
Refreshing native plugins compatible for Editor in 0.43 ms, found 0 plugins.
Preloading 0 native plugins for Editor in 0.00 ms.
Unloading 1114 Unused Serialized files (Serialized files now loaded: 0)
System memory in use before: 60.7 MB.
System memory in use after: 60.8 MB.

Unloading 5 unused Assets to reduce memory usage. Loaded Objects now: 1655.
Total: 2.567200 ms (FindLiveObjects: 0.188800 ms CreateObjectMapping: 0.075100 ms MarkObjects: 2.233000 ms  DeleteObjects: 0.068600 ms)

========================================================================
Received Prepare
Registering precompiled user dll's ...
Registered in 0.002761 seconds.
Begin MonoManager ReloadAssembly
Native extension for WindowsStandalone target not found
Native extension for WebGL target not found
Refreshing native plugins compatible for Editor in 0.24 ms, found 0 plugins.
Preloading 0 native plugins for Editor in 0.00 ms.
Mono: successfully reloaded assembly
- Completed reload, in  1.508 seconds
Platform modules already initialized, skipping
Refreshing native plugins compatible for Editor in 0.41 ms, found 0 plugins.
Preloading 0 native plugins for Editor in 0.00 ms.
Unloading 1114 Unused Serialized files (Serialized files now loaded: 0)
System memory in use before: 60.8 MB.
System memory in use after: 60.8 MB.

Unloading 5 unused Assets to reduce memory usage. Loaded Objects now: 1658.
Total: 2.528100 ms (FindLiveObjects: 0.191600 ms CreateObjectMapping: 0.076100 ms MarkObjects: 2.181200 ms  DeleteObjects: 0.077600 ms)

========================================================================
Received Import Request.
  Time since last request: 50.518387 seconds.
  path: Assets/Scenes/Scene1/Scripts/Fireweapon.cs
  artifactKey: Guid(d88825b73ced9f6418bec9b17f7f1b1a) Importer(815301076,1909f56bfc062723c751e8b465ee728b)
Start importing Assets/Scenes/Scene1/Scripts/Fireweapon.cs using Guid(d88825b73ced9f6418bec9b17f7f1b1a) Importer(815301076,1909f56bfc062723c751e8b465ee728b)  -> (artifact id: 'eb8d06e3bf8638ea7a860fc88306ed4d') in 0.018049 seconds
  Import took 0.022465 seconds .

========================================================================
Received Prepare
Registering precompiled user dll's ...
Registered in 0.001577 seconds.
Begin MonoManager ReloadAssembly
Native extension for WindowsStandalone target not found
Native extension for WebGL target not found
Refreshing native plugins compatible for Editor in 0.25 ms, found 0 plugins.
Preloading 0 native plugins for Editor in 0.00 ms.
Mono: successfully reloaded assembly
- Completed reload, in  1.545 seconds
Platform modules already initialized, skipping
Refreshing native plugins compatible for Editor in 0.88 ms, found 0 plugins.
Preloading 0 native plugins for Editor in 0.00 ms.
Unloading 1114 Unused Serialized files (Serialized files now loaded: 0)
System memory in use before: 60.8 MB.
System memory in use after: 60.8 MB.

Unloading 5 unused Assets to reduce memory usage. Loaded Objects now: 1661.
Total: 2.239700 ms (FindLiveObjects: 0.203200 ms CreateObjectMapping: 0.074600 ms MarkObjects: 1.883400 ms  DeleteObjects: 0.076900 ms)

========================================================================
Received Import Request.
  Time since last request: 260.389584 seconds.
  path: Assets/Scenes/Scene1/Scripts/ForwardMovement.cs
  artifactKey: Guid(ca70a054d88ed304fbb7eabd9f707914) Importer(815301076,1909f56bfc062723c751e8b465ee728b)
Start importing Assets/Scenes/Scene1/Scripts/ForwardMovement.cs using Guid(ca70a054d88ed304fbb7eabd9f707914) Importer(815301076,1909f56bfc062723c751e8b465ee728b)  -> (artifact id: '380c08b3f065747cc11499602f2099fe') in 0.019880 seconds
  Import took 0.023521 seconds .

========================================================================
Received Prepare
Registering precompiled user dll's ...
Registered in 0.001302 seconds.
Begin MonoManager ReloadAssembly
Native extension for WindowsStandalone target not found
Native extension for WebGL target not found
Refreshing native plugins compatible for Editor in 0.28 ms, found 0 plugins.
Preloading 0 native plugins for Editor in 0.00 ms.
Mono: successfully reloaded assembly
- Completed reload, in  1.822 seconds
Platform modules already initialized, skipping
Refreshing native plugins compatible for Editor in 0.42 ms, found 0 plugins.
Preloading 0 native plugins for Editor in 0.00 ms.
Unloading 1114 Unused Serialized files (Serialized files now loaded: 0)
System memory in use before: 60.8 MB.
System memory in use after: 60.8 MB.

Unloading 5 unused Assets to reduce memory usage. Loaded Objects now: 1664.
Total: 2.459100 ms (FindLiveObjects: 0.205800 ms CreateObjectMapping: 0.080000 ms MarkObjects: 2.094000 ms  DeleteObjects: 0.077800 ms)

========================================================================
Received Prepare
Registering precompiled user dll's ...
Registered in 0.030677 seconds.
Begin MonoManager ReloadAssembly
Native extension for WindowsStandalone target not found
Native extension for WebGL target not found
Refreshing native plugins compatible for Editor in 0.26 ms, found 0 plugins.
Preloading 0 native plugins for Editor in 0.00 ms.
Mono: successfully reloaded assembly
- Completed reload, in  1.589 seconds
Platform modules already initialized, skipping
Refreshing native plugins compatible for Editor in 0.44 ms, found 0 plugins.
Preloading 0 native plugins for Editor in 0.00 ms.
Unloading 1114 Unused Serialized files (Serialized files now loaded: 0)
System memory in use before: 60.8 MB.
System memory in use after: 60.8 MB.

Unloading 5 unused Assets to reduce memory usage. Loaded Objects now: 1667.
Total: 3.183700 ms (FindLiveObjects: 0.209100 ms CreateObjectMapping: 0.083500 ms MarkObjects: 2.787600 ms  DeleteObjects: 0.101200 ms)

========================================================================
Received Import Request.
  Time since last request: 566.759928 seconds.
  path: Assets/Scenes/Scene1/Scripts/Movement.cs
  artifactKey: Guid(0922d4fa9a67702419fe2a05e067847e) Importer(815301076,1909f56bfc062723c751e8b465ee728b)
Start importing Assets/Scenes/Scene1/Scripts/Movement.cs using Guid(0922d4fa9a67702419fe2a05e067847e) Importer(815301076,1909f56bfc062723c751e8b465ee728b)  -> (artifact id: '6c9d56e376f850e57850e36b19cd6810') in 0.025334 seconds
  Import took 0.028640 seconds .

========================================================================
Received Import Request.
  Time since last request: 2.013683 seconds.
  path: Assets/Scenes/Scene1/Scripts/Movement.cs
  artifactKey: Guid(0922d4fa9a67702419fe2a05e067847e) Importer(815301076,1909f56bfc062723c751e8b465ee728b)
Start importing Assets/Scenes/Scene1/Scripts/Movement.cs using Guid(0922d4fa9a67702419fe2a05e067847e) Importer(815301076,1909f56bfc062723c751e8b465ee728b)  -> (artifact id: '6c9d56e376f850e57850e36b19cd6810') in 0.017990 seconds
  Import took 0.021402 seconds .

========================================================================
Received Prepare
Registering precompiled user dll's ...
Registered in 0.003814 seconds.
Begin MonoManager ReloadAssembly
Native extension for WindowsStandalone target not found
Native extension for WebGL target not found
Refreshing native plugins compatible for Editor in 0.27 ms, found 0 plugins.
Preloading 0 native plugins for Editor in 0.00 ms.
Mono: successfully reloaded assembly
- Completed reload, in  1.187 seconds
Platform modules already initialized, skipping
Refreshing native plugins compatible for Editor in 0.42 ms, found 0 plugins.
Preloading 0 native plugins for Editor in 0.00 ms.
Unloading 1114 Unused Serialized files (Serialized files now loaded: 0)
System memory in use before: 60.8 MB.
System memory in use after: 60.8 MB.

Unloading 5 unused Assets to reduce memory usage. Loaded Objects now: 1670.
Total: 2.405500 ms (FindLiveObjects: 0.196200 ms CreateObjectMapping: 0.085700 ms MarkObjects: 2.046200 ms  DeleteObjects: 0.075800 ms)

