Using pre-set license
Built from '2020.3/staging' branch; Version is '2020.3.9f1 (108be757e447) revision 1084391'; Using compiler version '192528614'; Build Type 'Release'
OS: 'Windows 10 Pro; OS build 19042.1348; Version 2009; 64bit' Language: 'en' Physical Memory: 14290 MB
BatchMode: 1, IsHumanControllingUs: 0, StartBugReporterOnCrash: 0, Is64bit: 1, IsPro: 0

 COMMAND LINE ARGUMENTS:
C:\Program Files\Unity\Hub\Editor\2020.3.9f1\Editor\Unity.exe
-adb2
-batchMode
-noUpm
-name
AssetImportWorker0
-projectPath
C:/Users/winst/Desktop/GIT/Learning_Unity/New Unity Project
-logFile
Logs/AssetImportWorker0.log
-srvPort
64009
Successfully changed project path to: C:/Users/winst/Desktop/GIT/Learning_Unity/New Unity Project
C:/Users/winst/Desktop/GIT/Learning_Unity/New Unity Project
Using Asset Import Pipeline V2.
Refreshing native plugins compatible for Editor in 28.79 ms, found 0 plugins.
Preloading 0 native plugins for Editor in 0.00 ms.
Initialize engine version: 2020.3.9f1 (108be757e447)
[Subsystems] Discovering subsystems at path C:/Program Files/Unity/Hub/Editor/2020.3.9f1/Editor/Data/Resources/UnitySubsystems
[Subsystems] Discovering subsystems at path C:/Users/winst/Desktop/GIT/Learning_Unity/New Unity Project/Assets
GfxDevice: creating device client; threaded=0
Direct3D:
    Version:  Direct3D 11.0 [level 11.1]
    Renderer: AMD Radeon(TM) Vega 8 Graphics (ID=0x15d8)
    Vendor:   
    VRAM:     7145 MB
    Driver:   30.0.13037.1003
Initialize mono
Mono path[0] = 'C:/Program Files/Unity/Hub/Editor/2020.3.9f1/Editor/Data/Managed'
Mono path[1] = 'C:/Program Files/Unity/Hub/Editor/2020.3.9f1/Editor/Data/MonoBleedingEdge/lib/mono/unityjit'
Mono config path = 'C:/Program Files/Unity/Hub/Editor/2020.3.9f1/Editor/Data/MonoBleedingEdge/etc'
Using monoOptions --debugger-agent=transport=dt_socket,embedding=1,server=y,suspend=n,address=127.0.0.1:56452
Begin MonoManager ReloadAssembly
Registering precompiled unity dll's ...
Register platform support module: C:/Program Files/Unity/Hub/Editor/2020.3.9f1/Editor/Data/PlaybackEngines/WebGLSupport/UnityEditor.WebGL.Extensions.dll
Register platform support module: C:/Program Files/Unity/Hub/Editor/2020.3.9f1/Editor/Data/PlaybackEngines/WindowsStandaloneSupport/UnityEditor.WindowsStandalone.Extensions.dll
Registered in 0.005229 seconds.
Native extension for WindowsStandalone target not found
Native extension for WebGL target not found
Refreshing native plugins compatible for Editor in 30.19 ms, found 0 plugins.
Preloading 0 native plugins for Editor in 0.00 ms.
Mono: successfully reloaded assembly
- Completed reload, in  1.756 seconds
Platform modules already initialized, skipping
Registering precompiled user dll's ...
Registered in 0.001630 seconds.
Begin MonoManager ReloadAssembly
Native extension for WindowsStandalone target not found
Native extension for WebGL target not found
Refreshing native plugins compatible for Editor in 0.26 ms, found 0 plugins.
Preloading 0 native plugins for Editor in 0.00 ms.
Mono: successfully reloaded assembly
- Completed reload, in  1.022 seconds
Platform modules already initialized, skipping
========================================================================
Worker process is ready to serve import requests
Launched and connected shader compiler UnityShaderCompiler.exe after 0.05 seconds
Refreshing native plugins compatible for Editor in 0.26 ms, found 0 plugins.
Preloading 0 native plugins for Editor in 0.00 ms.
Unloading 1150 Unused Serialized files (Serialized files now loaded: 0)
System memory in use before: 58.3 MB.
System memory in use after: 58.3 MB.

Unloading 11 unused Assets to reduce memory usage. Loaded Objects now: 1591.
Total: 2.160700 ms (FindLiveObjects: 0.169600 ms CreateObjectMapping: 0.037200 ms MarkObjects: 1.853900 ms  DeleteObjects: 0.098400 ms)

========================================================================
Received Import Request.
  path: Assets/prefab/Cover.prefab
  artifactKey: Guid(86a3a61558880f34d943af83a7c3374f) Importer(815301076,1909f56bfc062723c751e8b465ee728b)
Start importing Assets/prefab/Cover.prefab using Guid(86a3a61558880f34d943af83a7c3374f) Importer(815301076,1909f56bfc062723c751e8b465ee728b)  -> (artifact id: '674603c2b4794c044905d5f79483fb66') in 0.124574 seconds
  Import took 0.129246 seconds .

========================================================================
Received Import Request.
  Time since last request: 1435.932958 seconds.
  path: Assets/prefab/RAMP.prefab
  artifactKey: Guid(18eb05d99b253214d8518de56a9e07da) Importer(815301076,1909f56bfc062723c751e8b465ee728b)
Start importing Assets/prefab/RAMP.prefab using Guid(18eb05d99b253214d8518de56a9e07da) Importer(815301076,1909f56bfc062723c751e8b465ee728b)  -> (artifact id: 'dc4b2b41f07a3684eeecda10d48e76af') in 0.017276 seconds
  Import took 0.019968 seconds .

========================================================================
Received Import Request.
  Time since last request: 0.001248 seconds.
  path: Assets/prefab/RAMP.prefab
  artifactKey: Guid(18eb05d99b253214d8518de56a9e07da) Importer(815301076,1909f56bfc062723c751e8b465ee728b)
Start importing Assets/prefab/RAMP.prefab using Guid(18eb05d99b253214d8518de56a9e07da) Importer(815301076,1909f56bfc062723c751e8b465ee728b)  -> (artifact id: 'dc4b2b41f07a3684eeecda10d48e76af') in 0.017714 seconds
  Import took 0.020109 seconds .

========================================================================
Received Import Request.
  Time since last request: 131.859029 seconds.
  path: Assets/materials/New Material.mat
  artifactKey: Guid(01778b219255e3b49afebbd62e94b6b8) Importer(815301076,1909f56bfc062723c751e8b465ee728b)
Start importing Assets/materials/New Material.mat using Guid(01778b219255e3b49afebbd62e94b6b8) Importer(815301076,1909f56bfc062723c751e8b465ee728b)  -> (artifact id: '4b212030a50b8f4b89a9e6be9cc0d47c') in 0.034555 seconds
  Import took 0.037979 seconds .

========================================================================
Received Import Request.
  Time since last request: 45.549424 seconds.
  path: Assets/materials/Steel.mat
  artifactKey: Guid(01778b219255e3b49afebbd62e94b6b8) Importer(815301076,1909f56bfc062723c751e8b465ee728b)
Start importing Assets/materials/Steel.mat using Guid(01778b219255e3b49afebbd62e94b6b8) Importer(815301076,1909f56bfc062723c751e8b465ee728b)  -> (artifact id: '9b92c0a6251f4914d113d01b8c6d56f1') in 0.010902 seconds
  Import took 0.013386 seconds .

========================================================================
Received Import Request.
  Time since last request: 99.257001 seconds.
  path: Assets/prefab/Cover.prefab
  artifactKey: Guid(86a3a61558880f34d943af83a7c3374f) Importer(815301076,1909f56bfc062723c751e8b465ee728b)
Start importing Assets/prefab/Cover.prefab using Guid(86a3a61558880f34d943af83a7c3374f) Importer(815301076,1909f56bfc062723c751e8b465ee728b)  -> (artifact id: '41f9e113da464c96022c497f42420a32') in 0.014085 seconds
  Import took 0.017097 seconds .

========================================================================
Received Import Request.
  Time since last request: 0.010528 seconds.
  path: Assets/prefab/Cover.prefab
  artifactKey: Guid(86a3a61558880f34d943af83a7c3374f) Importer(815301076,1909f56bfc062723c751e8b465ee728b)
Start importing Assets/prefab/Cover.prefab using Guid(86a3a61558880f34d943af83a7c3374f) Importer(815301076,1909f56bfc062723c751e8b465ee728b)  -> (artifact id: '41f9e113da464c96022c497f42420a32') in 0.011449 seconds
  Import took 0.013876 seconds .

========================================================================
Received Import Request.
  Time since last request: 3.076051 seconds.
  path: Assets/materials/New Material.mat
  artifactKey: Guid(01778b219255e3b49afebbd62e94b6b8) Importer(815301076,1909f56bfc062723c751e8b465ee728b)
Start importing Assets/materials/New Material.mat using Guid(01778b219255e3b49afebbd62e94b6b8) Importer(815301076,1909f56bfc062723c751e8b465ee728b)  -> (artifact id: 'ea68a8f37496f321878d8e566e8dff63') in 0.014499 seconds
  Import took 0.017956 seconds .

========================================================================
Received Import Request.
  Time since last request: 338.486557 seconds.
  path: Assets/materials/New Physic Material 1.physicMaterial
  artifactKey: Guid(a70ba5fa115554744b8d4480d5a106fc) Importer(815301076,1909f56bfc062723c751e8b465ee728b)
Start importing Assets/materials/New Physic Material 1.physicMaterial using Guid(a70ba5fa115554744b8d4480d5a106fc) Importer(815301076,1909f56bfc062723c751e8b465ee728b)  -> (artifact id: '50b4f611eb291849ec648a91b6430aa6') in 0.007034 seconds
  Import took 0.009816 seconds .

========================================================================
Received Import Request.
  Time since last request: 0.012561 seconds.
  path: Assets/materials/New Physic Material 1.physicMaterial
  artifactKey: Guid(a70ba5fa115554744b8d4480d5a106fc) Importer(815301076,1909f56bfc062723c751e8b465ee728b)
Start importing Assets/materials/New Physic Material 1.physicMaterial using Guid(a70ba5fa115554744b8d4480d5a106fc) Importer(815301076,1909f56bfc062723c751e8b465ee728b)  -> (artifact id: '50b4f611eb291849ec648a91b6430aa6') in 0.003626 seconds
  Import took 0.006568 seconds .

========================================================================
Received Import Request.
  Time since last request: 51.422629 seconds.
  path: Assets/materials/Slippery.physicMaterial
  artifactKey: Guid(a70ba5fa115554744b8d4480d5a106fc) Importer(815301076,1909f56bfc062723c751e8b465ee728b)
Start importing Assets/materials/Slippery.physicMaterial using Guid(a70ba5fa115554744b8d4480d5a106fc) Importer(815301076,1909f56bfc062723c751e8b465ee728b)  -> (artifact id: '039b307b2f4f73023ae5e3f608c13df2') in 0.004475 seconds
  Import took 0.007011 seconds .

========================================================================
Received Import Request.
  Time since last request: 0.011050 seconds.
  path: Assets/materials/Slippery.physicMaterial
  artifactKey: Guid(a70ba5fa115554744b8d4480d5a106fc) Importer(815301076,1909f56bfc062723c751e8b465ee728b)
Start importing Assets/materials/Slippery.physicMaterial using Guid(a70ba5fa115554744b8d4480d5a106fc) Importer(815301076,1909f56bfc062723c751e8b465ee728b)  -> (artifact id: '039b307b2f4f73023ae5e3f608c13df2') in 0.003792 seconds
  Import took 0.006715 seconds .

AssetImportWorkerClient::OnTransportError - code=2 error=End of file
