Using pre-set license
Built from '2020.3/staging' branch; Version is '2020.3.9f1 (108be757e447) revision 1084391'; Using compiler version '192528614'; Build Type 'Release'
OS: 'Windows 10 Pro; OS build 19042.1348; Version 2009; 64bit' Language: 'en' Physical Memory: 14290 MB
BatchMode: 1, IsHumanControllingUs: 0, StartBugReporterOnCrash: 0, Is64bit: 1, IsPro: 0

 COMMAND LINE ARGUMENTS:
C:\Program Files\Unity\Hub\Editor\2020.3.9f1\Editor\Unity.exe
-adb2
-batchMode
-noUpm
-name
AssetImportWorker0
-projectPath
C:/Users/winst/Desktop/GIT/Learning_Unity/For_Sound
-logFile
Logs/AssetImportWorker0.log
-srvPort
57472
Successfully changed project path to: C:/Users/winst/Desktop/GIT/Learning_Unity/For_Sound
C:/Users/winst/Desktop/GIT/Learning_Unity/For_Sound
Using Asset Import Pipeline V2.
Refreshing native plugins compatible for Editor in 557.14 ms, found 0 plugins.
Preloading 0 native plugins for Editor in 0.00 ms.
Initialize engine version: 2020.3.9f1 (108be757e447)
[Subsystems] Discovering subsystems at path C:/Program Files/Unity/Hub/Editor/2020.3.9f1/Editor/Data/Resources/UnitySubsystems
[Subsystems] Discovering subsystems at path C:/Users/winst/Desktop/GIT/Learning_Unity/For_Sound/Assets
GfxDevice: creating device client; threaded=0
Direct3D:
    Version:  Direct3D 11.0 [level 11.1]
    Renderer: AMD Radeon(TM) Vega 8 Graphics (ID=0x15d8)
    Vendor:   
    VRAM:     7145 MB
    Driver:   30.0.13037.1003
Initialize mono
Mono path[0] = 'C:/Program Files/Unity/Hub/Editor/2020.3.9f1/Editor/Data/Managed'
Mono path[1] = 'C:/Program Files/Unity/Hub/Editor/2020.3.9f1/Editor/Data/MonoBleedingEdge/lib/mono/unityjit'
Mono config path = 'C:/Program Files/Unity/Hub/Editor/2020.3.9f1/Editor/Data/MonoBleedingEdge/etc'
Using monoOptions --debugger-agent=transport=dt_socket,embedding=1,server=y,suspend=n,address=127.0.0.1:56640
Begin MonoManager ReloadAssembly
Registering precompiled unity dll's ...
Register platform support module: C:/Program Files/Unity/Hub/Editor/2020.3.9f1/Editor/Data/PlaybackEngines/WindowsStandaloneSupport/UnityEditor.WindowsStandalone.Extensions.dll
Registered in 0.002839 seconds.
Native extension for WindowsStandalone target not found
Refreshing native plugins compatible for Editor in 107.09 ms, found 0 plugins.
Preloading 0 native plugins for Editor in 0.00 ms.
Mono: successfully reloaded assembly
- Completed reload, in  1.615 seconds
Platform modules already initialized, skipping
Registering precompiled user dll's ...
Registered in 0.002041 seconds.
Begin MonoManager ReloadAssembly
Native extension for WindowsStandalone target not found
Refreshing native plugins compatible for Editor in 77.69 ms, found 0 plugins.
Preloading 0 native plugins for Editor in 0.00 ms.
Mono: successfully reloaded assembly
- Completed reload, in  1.549 seconds
Platform modules already initialized, skipping
========================================================================
Worker process is ready to serve import requests
Shader 'Universal Render Pipeline/Particles/Lit': fallback shader 'Universal Render Pipeline/Particles/SimpleLit' not found
Shader 'Universal Render Pipeline/Particles/Lit': fallback shader 'Universal Render Pipeline/Particles/SimpleLit' not found
Launched and connected shader compiler UnityShaderCompiler.exe after 0.06 seconds
Refreshing native plugins compatible for Editor in 0.45 ms, found 0 plugins.
Preloading 0 native plugins for Editor in 0.00 ms.
Unloading 2421 Unused Serialized files (Serialized files now loaded: 0)
System memory in use before: 113.5 MB.
System memory in use after: 110.7 MB.

Unloading 45 unused Assets to reduce memory usage. Loaded Objects now: 2827.
Total: 5.170800 ms (FindLiveObjects: 0.345600 ms CreateObjectMapping: 0.094800 ms MarkObjects: 2.906900 ms  DeleteObjects: 1.820200 ms)

========================================================================
Received Import Request.
  path: Assets/Readme.asset
  artifactKey: Guid(83c2ed844a8c74b779a4c823d16594b1) Importer(815301076,1909f56bfc062723c751e8b465ee728b)
Start importing Assets/Readme.asset using Guid(83c2ed844a8c74b779a4c823d16594b1) Importer(815301076,1909f56bfc062723c751e8b465ee728b)  -> (artifact id: '8ffd2c44ffeb50c574abb5d0c4453328') in 0.068694 seconds
  Import took 0.076734 seconds .

========================================================================
Received Import Request.
  Time since last request: 0.036508 seconds.
  path: Assets/Readme.asset
  artifactKey: Guid(83c2ed844a8c74b779a4c823d16594b1) Importer(815301076,1909f56bfc062723c751e8b465ee728b)
Start importing Assets/Readme.asset using Guid(83c2ed844a8c74b779a4c823d16594b1) Importer(815301076,1909f56bfc062723c751e8b465ee728b)  -> (artifact id: '8ffd2c44ffeb50c574abb5d0c4453328') in 0.006270 seconds
  Import took 0.013295 seconds .

========================================================================
Received Prepare
Registering precompiled user dll's ...
Registered in 0.002005 seconds.
Begin MonoManager ReloadAssembly
Native extension for WindowsStandalone target not found
Refreshing native plugins compatible for Editor in 0.47 ms, found 0 plugins.
Preloading 0 native plugins for Editor in 0.00 ms.
Mono: successfully reloaded assembly
- Completed reload, in  1.064 seconds
Platform modules already initialized, skipping
Shader 'Universal Render Pipeline/Particles/Lit': fallback shader 'Universal Render Pipeline/Particles/SimpleLit' not found
Shader 'Universal Render Pipeline/Particles/Lit': fallback shader 'Universal Render Pipeline/Particles/SimpleLit' not found
Refreshing native plugins compatible for Editor in 1.15 ms, found 0 plugins.
Preloading 0 native plugins for Editor in 0.00 ms.
Unloading 2348 Unused Serialized files (Serialized files now loaded: 0)
System memory in use before: 110.2 MB.
System memory in use after: 107.5 MB.

Unloading 40 unused Assets to reduce memory usage. Loaded Objects now: 2832.
Total: 4.132400 ms (FindLiveObjects: 0.302300 ms CreateObjectMapping: 0.071100 ms MarkObjects: 2.082800 ms  DeleteObjects: 1.674300 ms)

========================================================================
Received Import Request.
  Time since last request: 723.319207 seconds.
  path: Assets/Presets/AudioCompressedInMemory.preset
  artifactKey: Guid(2dd802e4d37c65149922028d3e973832) Importer(815301076,1909f56bfc062723c751e8b465ee728b)
Start importing Assets/Presets/AudioCompressedInMemory.preset using Guid(2dd802e4d37c65149922028d3e973832) Importer(815301076,1909f56bfc062723c751e8b465ee728b)  -> (artifact id: 'ac4de02398cfe62c06251b0f50233ebf') in 0.020209 seconds
  Import took 0.025476 seconds .

========================================================================
Received Import Request.
  Time since last request: 9.138146 seconds.
  path: Assets/Unity - Foundations of Audio/Scenes/EssentialsAudioScene
  artifactKey: Guid(0a006202553f1b14a911abb523e64b77) Importer(815301076,1909f56bfc062723c751e8b465ee728b)
Start importing Assets/Unity - Foundations of Audio/Scenes/EssentialsAudioScene using Guid(0a006202553f1b14a911abb523e64b77) Importer(815301076,1909f56bfc062723c751e8b465ee728b)  -> (artifact id: '74382543ae86aae7e0c4bb5e7ea214f3') in 0.003638 seconds
  Import took 0.010527 seconds .

========================================================================
Received Import Request.
  Time since last request: 0.003037 seconds.
  path: Assets/Unity - Foundations of Audio/Scenes/EssentialsAudioScene
  artifactKey: Guid(0a006202553f1b14a911abb523e64b77) Importer(815301076,1909f56bfc062723c751e8b465ee728b)
Start importing Assets/Unity - Foundations of Audio/Scenes/EssentialsAudioScene using Guid(0a006202553f1b14a911abb523e64b77) Importer(815301076,1909f56bfc062723c751e8b465ee728b)  -> (artifact id: '74382543ae86aae7e0c4bb5e7ea214f3') in 0.002531 seconds
  Import took 0.006587 seconds .

========================================================================
Received Import Request.
  Time since last request: 2.038225 seconds.
  path: Assets/Unity - Foundations of Audio/Scenes/EssentialsAudioScene/LightingData.asset
  artifactKey: Guid(3ed98961d527a4a45a962d708ce88308) Importer(815301076,1909f56bfc062723c751e8b465ee728b)
Start importing Assets/Unity - Foundations of Audio/Scenes/EssentialsAudioScene/LightingData.asset using Guid(3ed98961d527a4a45a962d708ce88308) Importer(815301076,1909f56bfc062723c751e8b465ee728b)  -> (artifact id: '4681504ad5f2880a428214d68fd2aa94') in 0.004493 seconds
  Import took 0.009803 seconds .

========================================================================
Received Import Request.
  Time since last request: 0.000398 seconds.
  path: Assets/Unity - Foundations of Audio/Scenes/EssentialsAudioScene/ReflectionProbe-0.exr
  artifactKey: Guid(5b9f68d41e7180347a4b620849202870) Importer(815301076,1909f56bfc062723c751e8b465ee728b)
Start importing Assets/Unity - Foundations of Audio/Scenes/EssentialsAudioScene/ReflectionProbe-0.exr using Guid(5b9f68d41e7180347a4b620849202870) Importer(815301076,1909f56bfc062723c751e8b465ee728b)  -> (artifact id: '5cc655c65f8a150685d1bc46c6088309') in 0.094533 seconds
  Import took 0.098748 seconds .

========================================================================
Received Import Request.
  Time since last request: 0.000338 seconds.
  path: Assets/Unity - Foundations of Audio/Scenes/EssentialsAudioScene/PostPriocessVolume Profile.asset
  artifactKey: Guid(0d824fdb649179a4b9b6aaa2be946190) Importer(815301076,1909f56bfc062723c751e8b465ee728b)
Start importing Assets/Unity - Foundations of Audio/Scenes/EssentialsAudioScene/PostPriocessVolume Profile.asset using Guid(0d824fdb649179a4b9b6aaa2be946190) Importer(815301076,1909f56bfc062723c751e8b465ee728b)  -> (artifact id: '288b5789a71d739a22ab8307047aecf6') in 0.012821 seconds
  Import took 0.017598 seconds .

========================================================================
Received Import Request.
  Time since last request: 0.000481 seconds.
  path: Assets/Unity - Foundations of Audio/Scenes/EssentialsAudioScene/Lightmap-0_comp_light.exr
  artifactKey: Guid(a64273718a6ba3b4b893c2724ad2cb60) Importer(815301076,1909f56bfc062723c751e8b465ee728b)
Start importing Assets/Unity - Foundations of Audio/Scenes/EssentialsAudioScene/Lightmap-0_comp_light.exr using Guid(a64273718a6ba3b4b893c2724ad2cb60) Importer(815301076,1909f56bfc062723c751e8b465ee728b)  -> (artifact id: '60702e4a815f5e11e39c1b1765f304ce') in 0.040753 seconds
  Import took 0.045596 seconds .

========================================================================
Received Import Request.
  Time since last request: 0.000327 seconds.
  path: Assets/Unity - Foundations of Audio/Scenes/EssentialsAudioScene/Lightmap-2_comp_dir.png
  artifactKey: Guid(c035aa91c3a07d9469374a8fc5d4e45c) Importer(815301076,1909f56bfc062723c751e8b465ee728b)
Start importing Assets/Unity - Foundations of Audio/Scenes/EssentialsAudioScene/Lightmap-2_comp_dir.png using Guid(c035aa91c3a07d9469374a8fc5d4e45c) Importer(815301076,1909f56bfc062723c751e8b465ee728b)  -> (artifact id: '954fe31fe34d456d4ed3f743ccdbc36a') in 0.020880 seconds
  Import took 0.024960 seconds .

========================================================================
Received Import Request.
  Time since last request: 0.000352 seconds.
  path: Assets/Unity - Foundations of Audio/Scenes/EssentialsAudioScene/Lightmap-1_comp_light.exr
  artifactKey: Guid(d4e09d35e52d7a244ac4d34d478e5695) Importer(815301076,1909f56bfc062723c751e8b465ee728b)
Start importing Assets/Unity - Foundations of Audio/Scenes/EssentialsAudioScene/Lightmap-1_comp_light.exr using Guid(d4e09d35e52d7a244ac4d34d478e5695) Importer(815301076,1909f56bfc062723c751e8b465ee728b)  -> (artifact id: '8c7deb1a9b5db3e4bceb9033a258d3aa') in 0.012060 seconds
  Import took 0.017290 seconds .

========================================================================
Received Import Request.
  Time since last request: 0.000390 seconds.
  path: Assets/Unity - Foundations of Audio/Scenes/EssentialsAudioScene/Lightmap-2_comp_light.exr
  artifactKey: Guid(28a934f210ad8d54b959cf009f4c97c8) Importer(815301076,1909f56bfc062723c751e8b465ee728b)
Start importing Assets/Unity - Foundations of Audio/Scenes/EssentialsAudioScene/Lightmap-2_comp_light.exr using Guid(28a934f210ad8d54b959cf009f4c97c8) Importer(815301076,1909f56bfc062723c751e8b465ee728b)  -> (artifact id: 'f6678d05101319fc301cbb1635f6a3c6') in 0.012878 seconds
  Import took 0.017505 seconds .

========================================================================
Received Import Request.
  Time since last request: 0.000556 seconds.
  path: Assets/Unity - Foundations of Audio/Scenes/EssentialsAudioScene/Lightmap-0_comp_dir.png
  artifactKey: Guid(890f8156e57ff6544837498c2ffef8d5) Importer(815301076,1909f56bfc062723c751e8b465ee728b)
Start importing Assets/Unity - Foundations of Audio/Scenes/EssentialsAudioScene/Lightmap-0_comp_dir.png using Guid(890f8156e57ff6544837498c2ffef8d5) Importer(815301076,1909f56bfc062723c751e8b465ee728b)  -> (artifact id: '272148da78356a090c371a52042ebe2b') in 0.011444 seconds
  Import took 0.015812 seconds .

========================================================================
Received Import Request.
  Time since last request: 0.000406 seconds.
  path: Assets/Unity - Foundations of Audio/Scenes/EssentialsAudioScene/Lightmap-1_comp_dir.png
  artifactKey: Guid(3921626bc0f8bc54baeca189bd06807c) Importer(815301076,1909f56bfc062723c751e8b465ee728b)
Start importing Assets/Unity - Foundations of Audio/Scenes/EssentialsAudioScene/Lightmap-1_comp_dir.png using Guid(3921626bc0f8bc54baeca189bd06807c) Importer(815301076,1909f56bfc062723c751e8b465ee728b)  -> (artifact id: 'fc25c08b30d28bca53d7287a9e1f6503') in 0.012277 seconds
  Import took 0.016794 seconds .

========================================================================
Received Import Request.
  Time since last request: 0.000348 seconds.
  path: Assets/Unity - Foundations of Audio/Scenes/EssentialsAudioScene/ReflectionProbe-1.exr
  artifactKey: Guid(2bd6bbf3cff67c94c80304885682cb39) Importer(815301076,1909f56bfc062723c751e8b465ee728b)
Start importing Assets/Unity - Foundations of Audio/Scenes/EssentialsAudioScene/ReflectionProbe-1.exr using Guid(2bd6bbf3cff67c94c80304885682cb39) Importer(815301076,1909f56bfc062723c751e8b465ee728b)  -> (artifact id: '20723b84c92df772f39218598cd7a534') in 0.014452 seconds
  Import took 0.018563 seconds .

========================================================================
Received Import Request.
  Time since last request: 11.386030 seconds.
  path: Assets/Unity - Foundations of Audio/Scenes/EssentialsAudioScene.unity
  artifactKey: Guid(6e24123ba0b2c1e448e7fd1a6e05a5e6) Importer(815301076,1909f56bfc062723c751e8b465ee728b)
Start importing Assets/Unity - Foundations of Audio/Scenes/EssentialsAudioScene.unity using Guid(6e24123ba0b2c1e448e7fd1a6e05a5e6) Importer(815301076,1909f56bfc062723c751e8b465ee728b)  -> (artifact id: '07945003c7a840367b075bd14ca0d67e') in 0.003537 seconds
  Import took 0.008056 seconds .

========================================================================
Received Import Request.
  Time since last request: 0.001766 seconds.
  path: Assets/Unity - Foundations of Audio/Scenes/EssentialsAudioScene.unity
  artifactKey: Guid(6e24123ba0b2c1e448e7fd1a6e05a5e6) Importer(815301076,1909f56bfc062723c751e8b465ee728b)
Start importing Assets/Unity - Foundations of Audio/Scenes/EssentialsAudioScene.unity using Guid(6e24123ba0b2c1e448e7fd1a6e05a5e6) Importer(815301076,1909f56bfc062723c751e8b465ee728b)  -> (artifact id: '07945003c7a840367b075bd14ca0d67e') in 0.002995 seconds
  Import took 0.006989 seconds .

========================================================================
Received Prepare
Registering precompiled user dll's ...
Registered in 0.002167 seconds.
Begin MonoManager ReloadAssembly
Native extension for WindowsStandalone target not found
Refreshing native plugins compatible for Editor in 0.48 ms, found 0 plugins.
Preloading 0 native plugins for Editor in 0.00 ms.
Mono: successfully reloaded assembly
- Completed reload, in  1.212 seconds
Platform modules already initialized, skipping
Shader 'Universal Render Pipeline/Particles/Lit': fallback shader 'Universal Render Pipeline/Particles/SimpleLit' not found
Shader 'Universal Render Pipeline/Particles/Lit': fallback shader 'Universal Render Pipeline/Particles/SimpleLit' not found
Refreshing native plugins compatible for Editor in 0.47 ms, found 0 plugins.
Preloading 0 native plugins for Editor in 0.00 ms.
Unloading 2348 Unused Serialized files (Serialized files now loaded: 0)
System memory in use before: 113.5 MB.
System memory in use after: 110.8 MB.

Unloading 40 unused Assets to reduce memory usage. Loaded Objects now: 2871.
Total: 5.474800 ms (FindLiveObjects: 0.359400 ms CreateObjectMapping: 0.102800 ms MarkObjects: 2.949700 ms  DeleteObjects: 2.060100 ms)

========================================================================
Received Prepare
Registering precompiled user dll's ...
Registered in 0.002488 seconds.
Begin MonoManager ReloadAssembly
Native extension for WindowsStandalone target not found
Refreshing native plugins compatible for Editor in 0.64 ms, found 0 plugins.
Preloading 0 native plugins for Editor in 0.00 ms.
Mono: successfully reloaded assembly
- Completed reload, in  1.179 seconds
Platform modules already initialized, skipping
Shader 'Universal Render Pipeline/Particles/Lit': fallback shader 'Universal Render Pipeline/Particles/SimpleLit' not found
Shader 'Universal Render Pipeline/Particles/Lit': fallback shader 'Universal Render Pipeline/Particles/SimpleLit' not found
Refreshing native plugins compatible for Editor in 0.51 ms, found 0 plugins.
Preloading 0 native plugins for Editor in 0.00 ms.
Unloading 2348 Unused Serialized files (Serialized files now loaded: 0)
System memory in use before: 113.6 MB.
System memory in use after: 110.8 MB.

Unloading 40 unused Assets to reduce memory usage. Loaded Objects now: 2874.
Total: 5.708700 ms (FindLiveObjects: 0.345800 ms CreateObjectMapping: 0.112100 ms MarkObjects: 2.938200 ms  DeleteObjects: 2.310100 ms)

========================================================================
Received Import Request.
  Time since last request: 422.093417 seconds.
  path: Assets/Unity - Foundations of Audio/Audio/BubblingPot.ogg
  artifactKey: Guid(f3def460b96abf440bbc45fa66d44c55) Importer(815301076,1909f56bfc062723c751e8b465ee728b)
Start importing Assets/Unity - Foundations of Audio/Audio/BubblingPot.ogg using Guid(f3def460b96abf440bbc45fa66d44c55) Importer(815301076,1909f56bfc062723c751e8b465ee728b)  -> (artifact id: 'c3ee01f343166ba59cb514f9803a0de0') in 0.168396 seconds
  Import took 0.174377 seconds .

========================================================================
Received Import Request.
  Time since last request: 0.000427 seconds.
  path: Assets/Unity - Foundations of Audio/Audio/Environment.prefab
  artifactKey: Guid(37dc3ec28fbab5646b7c91990e054cdb) Importer(815301076,1909f56bfc062723c751e8b465ee728b)
Start importing Assets/Unity - Foundations of Audio/Audio/Environment.prefab using Guid(37dc3ec28fbab5646b7c91990e054cdb) Importer(815301076,1909f56bfc062723c751e8b465ee728b)  -> (artifact id: 'fbdff0637764d00a61c1f23d59313ba2') in 0.694617 seconds
  Import took 0.701981 seconds .

========================================================================
Received Import Request.
  Time since last request: 0.000364 seconds.
  path: Assets/Unity - Foundations of Audio/Audio/Music.ogg
  artifactKey: Guid(f185ed7b46354fc4e8bb8c03f138b043) Importer(815301076,1909f56bfc062723c751e8b465ee728b)
Start importing Assets/Unity - Foundations of Audio/Audio/Music.ogg using Guid(f185ed7b46354fc4e8bb8c03f138b043) Importer(815301076,1909f56bfc062723c751e8b465ee728b)  -> (artifact id: 'bff331b5b8e2fb78fbaaacc296080773') in 0.011686 seconds
  Import took 0.016484 seconds .

========================================================================
Received Prepare
Registering precompiled user dll's ...
Registered in 0.001806 seconds.
Begin MonoManager ReloadAssembly
Native extension for WindowsStandalone target not found
Refreshing native plugins compatible for Editor in 0.70 ms, found 0 plugins.
Preloading 0 native plugins for Editor in 0.00 ms.
Mono: successfully reloaded assembly
- Completed reload, in  1.194 seconds
Platform modules already initialized, skipping
Shader 'Universal Render Pipeline/Particles/Lit': fallback shader 'Universal Render Pipeline/Particles/SimpleLit' not found
Shader 'Universal Render Pipeline/Particles/Lit': fallback shader 'Universal Render Pipeline/Particles/SimpleLit' not found
Refreshing native plugins compatible for Editor in 0.63 ms, found 0 plugins.
Preloading 0 native plugins for Editor in 0.00 ms.
Unloading 2348 Unused Serialized files (Serialized files now loaded: 0)
System memory in use before: 116.1 MB.
System memory in use after: 113.3 MB.

Unloading 40 unused Assets to reduce memory usage. Loaded Objects now: 2920.
Total: 4.540400 ms (FindLiveObjects: 0.326800 ms CreateObjectMapping: 0.085200 ms MarkObjects: 2.315900 ms  DeleteObjects: 1.809800 ms)

